<?xml version="1.0" encoding="UTF-8"?>
<!-- Generated by org.testng.reporters.JUnitXMLReporter -->
<testsuite hostname="Homebells-MacBook-Pro-2.local" name="Default test" tests="64" failures="0" timestamp="16 Sep 2019 13:01:16 GMT" time="0.087" errors="0">
  <testcase name="@BeforeSuite initbrowser" time="0.0" classname="caroobi.leadQueue">
    <failure type="org.testng.TestNGException" message="
Parameter &amp;apos;browser&amp;apos; is required by @Configuration on method initbrowser but has not been marked @Optional or defined
in /private/var/folders/jq/rrf_qymx39s3_7mbf5jlkdph0000gn/T/testng-eclipse-390711808/testng-customsuite.xml">
      <![CDATA[org.testng.TestNGException: 
Parameter 'browser' is required by @Configuration on method initbrowser but has not been marked @Optional or defined
in /private/var/folders/jq/rrf_qymx39s3_7mbf5jlkdph0000gn/T/testng-eclipse-390711808/testng-customsuite.xml
	at org.testng.internal.Parameters.createParameters(Parameters.java:154)
	at org.testng.internal.Parameters.createParameters(Parameters.java:361)
	at org.testng.internal.Parameters.createConfigurationParameters(Parameters.java:84)
	at org.testng.internal.Invoker.invokeConfigurations(Invoker.java:201)
	at org.testng.internal.Invoker.invokeConfigurations(Invoker.java:142)
	at org.testng.SuiteRunner.privateRun(SuiteRunner.java:305)
	at org.testng.SuiteRunner.run(SuiteRunner.java:268)
	at org.testng.SuiteRunnerWorker.runSuite(SuiteRunnerWorker.java:52)
	at org.testng.SuiteRunnerWorker.run(SuiteRunnerWorker.java:86)
	at org.testng.TestNG.runSuitesSequentially(TestNG.java:1244)
	at org.testng.TestNG.runSuitesLocally(TestNG.java:1169)
	at org.testng.TestNG.run(TestNG.java:1064)
	at org.testng.remote.RemoteTestNG.run(RemoteTestNG.java:113)
	at org.testng.remote.RemoteTestNG.initAndRun(RemoteTestNG.java:206)
	at org.testng.remote.RemoteTestNG.main(RemoteTestNG.java:177)
]]>
    </failure>
  </testcase> <!-- @BeforeSuite initbrowser -->
  <testcase name="@BeforeTest beforeTest" time="0.0" classname="caroobi.Check_Latest_Lead_Created">
    <skipped/>
  </testcase> <!-- @BeforeTest beforeTest -->
  <testcase name="login_to_starfleet_application" time="0.003" classname="caroobi.leadQueue">
    <skipped/>
  </testcase> <!-- login_to_starfleet_application -->
  <testcase name="getLead_data_from_google_sheet" time="0.0" classname="caroobi.createLead">
    <skipped/>
  </testcase> <!-- getLead_data_from_google_sheet -->
  <testcase name="Get_Latest_lead_Created" time="0.0" classname="caroobi.Check_Latest_Lead_Created">
    <skipped/>
  </testcase> <!-- Get_Latest_lead_Created -->
  <testcase name="apply_filters_in_lead_queue" time="0.0" classname="caroobi.leadQueue">
    <skipped/>
  </testcase> <!-- apply_filters_in_lead_queue -->
  <testcase name="open_home_page_to_create_lead" time="0.0" classname="caroobi.createLead">
    <skipped/>
  </testcase> <!-- open_home_page_to_create_lead -->
  <testcase name="get_lead_to_verify_in_Lead_queue" time="0.0" classname="caroobi.leadQueue">
    <skipped/>
  </testcase> <!-- get_lead_to_verify_in_Lead_queue -->
  <testcase name="accept_cookies_dialog" time="0.0" classname="caroobi.createLead">
    <skipped/>
  </testcase> <!-- accept_cookies_dialog -->
  <testcase name="check_lead_on_lead_queue" time="0.0" classname="caroobi.leadQueue">
    <skipped/>
  </testcase> <!-- check_lead_on_lead_queue -->
  <testcase name="check_select_service_dropdown_on_homepage" time="0.0" classname="caroobi.createLead">
    <skipped/>
  </testcase> <!-- check_select_service_dropdown_on_homepage -->
  <testcase name="check_lead_score_in_lead_queue" time="0.0" classname="caroobi.leadQueue">
    <skipped/>
  </testcase> <!-- check_lead_score_in_lead_queue -->
  <testcase name="choose_service_dropdown_on_homepage" time="0.0" classname="caroobi.createLead">
    <skipped/>
  </testcase> <!-- choose_service_dropdown_on_homepage -->
  <testcase name="getLead_data_from_google_sheet" time="0.001" classname="caroobi.automatedOffer">
    <skipped/>
  </testcase> <!-- getLead_data_from_google_sheet -->
  <testcase name="open_home_page_to_create_austausch_mototor_lead" time="0.0" classname="caroobi.automatedOffer">
    <skipped/>
  </testcase> <!-- open_home_page_to_create_austausch_mototor_lead -->
  <testcase name="accept_cookies_dialog" time="0.0" classname="caroobi.automatedOffer">
    <skipped/>
  </testcase> <!-- accept_cookies_dialog -->
  <testcase name="select_service_austausch_motor_on_homepage" time="0.0" classname="caroobi.automatedOffer">
    <skipped/>
  </testcase> <!-- select_service_austausch_motor_on_homepage -->
  <testcase name="select_car_on_homepage" time="0.0" classname="caroobi.automatedOffer">
    <skipped/>
  </testcase> <!-- select_car_on_homepage -->
  <testcase name="click_on_pin_textbox" time="0.0" classname="caroobi.automatedOffer">
    <skipped/>
  </testcase> <!-- click_on_pin_textbox -->
  <testcase name="select_car_on_homepage" time="0.0" classname="caroobi.createLead">
    <skipped/>
  </testcase> <!-- select_car_on_homepage -->
  <testcase name="clear_pin_textbox" time="0.0" classname="caroobi.automatedOffer">
    <skipped/>
  </testcase> <!-- clear_pin_textbox -->
  <testcase name="click_on_pin_textbox" time="0.0" classname="caroobi.createLead">
    <skipped/>
  </testcase> <!-- click_on_pin_textbox -->
  <testcase name="enter_value_in_pin_textbox" time="0.0" classname="caroobi.automatedOffer">
    <skipped/>
  </testcase> <!-- enter_value_in_pin_textbox -->
  <testcase name="clear_pin_textbox" time="0.0" classname="caroobi.createLead">
    <skipped/>
  </testcase> <!-- clear_pin_textbox -->
  <testcase name="click_cta_on_homepage" time="0.0" classname="caroobi.automatedOffer">
    <skipped/>
  </testcase> <!-- click_cta_on_homepage -->
  <testcase name="enter_value_in_pin_textbox" time="0.0" classname="caroobi.createLead">
    <skipped/>
  </testcase> <!-- enter_value_in_pin_textbox -->
  <testcase name="create_lead_for_auto_offer_generation" time="0.0" classname="caroobi.automatedOffer">
    <skipped/>
  </testcase> <!-- create_lead_for_auto_offer_generation -->
  <testcase name="click_homepage_cta" time="0.0" classname="caroobi.createLead">
    <skipped/>
  </testcase> <!-- click_homepage_cta -->
  <testcase name="Verify_fin_screen_and_fill_fin_details" time="0.0" classname="caroobi.automatedOffer">
    <skipped/>
  </testcase> <!-- Verify_fin_screen_and_fill_fin_details -->
  <testcase name="funnal_choose_model_family" time="0.0" classname="caroobi.createLead">
    <skipped/>
  </testcase> <!-- funnal_choose_model_family -->
  <testcase name="connect_to_database_to_verify" time="0.0" classname="caroobi.automatedOffer">
    <skipped/>
  </testcase> <!-- connect_to_database_to_verify -->
  <testcase name="funnal_choose_karosserieform" time="0.0" classname="caroobi.createLead">
    <skipped/>
  </testcase> <!-- funnal_choose_karosserieform -->
  <testcase name="verify_is_lead_submitted_to_databasd" time="0.0" classname="caroobi.automatedOffer">
    <skipped/>
  </testcase> <!-- verify_is_lead_submitted_to_databasd -->
  <testcase name="funnal_choose_baujahr" time="0.0" classname="caroobi.createLead">
    <skipped/>
  </testcase> <!-- funnal_choose_baujahr -->
  <testcase name="funnal_choose_model" time="0.0" classname="caroobi.createLead">
    <skipped/>
  </testcase> <!-- funnal_choose_model -->
  <testcase name="funnal_choose_services" time="0.0" classname="caroobi.createLead">
    <skipped/>
  </testcase> <!-- funnal_choose_services -->
  <testcase name="funnal_go_next_from_services" time="0.0" classname="caroobi.createLead">
    <skipped/>
  </testcase> <!-- funnal_go_next_from_services -->
  <testcase name="save_offer" time="0.0" classname="caroobi.createLead">
    <skipped/>
  </testcase> <!-- save_offer -->
  <testcase name="Save_offer_email_input" time="0.0" classname="caroobi.createLead">
    <skipped/>
  </testcase> <!-- Save_offer_email_input -->
  <testcase name="save_offer_email_button_click" time="0.0" classname="caroobi.createLead">
    <skipped/>
  </testcase> <!-- save_offer_email_button_click -->
  <testcase name="close_send_offer_success_popup" time="0.0" classname="caroobi.createLead">
    <skipped/>
  </testcase> <!-- close_send_offer_success_popup -->
  <testcase name="go_next_from_offer_price_details" time="0.0" classname="caroobi.createLead">
    <skipped/>
  </testcase> <!-- go_next_from_offer_price_details -->
  <testcase name="click_on_direct_navigation_button" time="0.0" classname="caroobi.createLead">
    <skipped/>
  </testcase> <!-- click_on_direct_navigation_button -->
  <testcase name="click_on_direct_navigation_Close" time="0.0" classname="caroobi.createLead">
    <skipped/>
  </testcase> <!-- click_on_direct_navigation_Close -->
  <testcase name="more_mechanic_list_open_close" time="0.0" classname="caroobi.createLead">
    <skipped/>
  </testcase> <!-- more_mechanic_list_open_close -->
  <testcase name="click_and_open_price_details_popup" time="0.0" classname="caroobi.createLead">
    <skipped/>
  </testcase> <!-- click_and_open_price_details_popup -->
  <testcase name="click_and_close_price_details_popup" time="0.0" classname="caroobi.createLead">
    <skipped/>
  </testcase> <!-- click_and_close_price_details_popup -->
  <testcase name="Click_next_button_from_mechanic_screen" time="0.0" classname="caroobi.createLead">
    <skipped/>
  </testcase> <!-- Click_next_button_from_mechanic_screen -->
  <testcase name="click_on_skip_date_selection" time="0.0" classname="caroobi.createLead">
    <skipped/>
  </testcase> <!-- click_on_skip_date_selection -->
  <testcase name="fill_and_submit_lead_name_details" time="0.0" classname="caroobi.createLead">
    <skipped/>
  </testcase> <!-- fill_and_submit_lead_name_details -->
  <testcase name="fill_and_submit_lead_email_details" time="0.0" classname="caroobi.createLead">
    <skipped/>
  </testcase> <!-- fill_and_submit_lead_email_details -->
  <testcase name="fill_and_submit_lead_mobile_number_details" time="0.0" classname="caroobi.createLead">
    <skipped/>
  </testcase> <!-- fill_and_submit_lead_mobile_number_details -->
  <testcase name="checkin_page_accordian_open" time="0.0" classname="caroobi.createLead">
    <skipped/>
  </testcase> <!-- checkin_page_accordian_open -->
  <testcase name="checkin_page_accordian_close" time="0.0" classname="caroobi.createLead">
    <skipped/>
  </testcase> <!-- checkin_page_accordian_close -->
  <testcase name="checkin_page_scroll_to_info" time="0.0" classname="caroobi.createLead">
    <skipped/>
  </testcase> <!-- checkin_page_scroll_to_info -->
  <testcase name="checkin_page_fill_fin_details" time="0.0" classname="caroobi.createLead">
    <skipped/>
  </testcase> <!-- checkin_page_fill_fin_details -->
  <testcase name="checkin_page_fill_address_details" time="0.0" classname="caroobi.createLead">
    <skipped/>
  </testcase> <!-- checkin_page_fill_address_details -->
  <testcase name="checkin_page_fill_comments" time="0.0" classname="caroobi.createLead">
    <skipped/>
  </testcase> <!-- checkin_page_fill_comments -->
  <testcase name="connect_rocket_database" time="0.0" classname="caroobi.createLead">
    <skipped/>
  </testcase> <!-- connect_rocket_database -->
  <testcase name="get_lead" time="0.0" classname="caroobi.createLead">
    <skipped/>
  </testcase> <!-- get_lead -->
  <testcase name="OpenHomePage_test02" time="0.0" classname="caroobi.CaroobiHomePage">
    <skipped/>
  </testcase> <!-- OpenHomePage_test02 -->
  <testcase name="Accept_Cookies_dialog" time="0.0" classname="caroobi.CaroobiHomePage">
    <skipped/>
  </testcase> <!-- Accept_Cookies_dialog -->
  <testcase name="Check_haeder_on_homepage" time="0.0" classname="caroobi.CaroobiHomePage">
    <skipped/>
  </testcase> <!-- Check_haeder_on_homepage -->
  <testcase name="Check_Funnel_on_homepage" time="0.0" classname="caroobi.CaroobiHomePage">
    <skipped/>
  </testcase> <!-- Check_Funnel_on_homepage -->
  <testcase name="Check_Banner_Image_on_homepage" time="0.0" classname="caroobi.CaroobiHomePage">
    <skipped/>
  </testcase> <!-- Check_Banner_Image_on_homepage -->
  <testcase name="CheckBannerWigetsHomepage" time="0.0" classname="caroobi.CaroobiHomePage">
    <skipped/>
  </testcase> <!-- CheckBannerWigetsHomepage -->
</testsuite> <!-- Default test -->
