<?xml version="1.0" encoding="UTF-8"?>
<!-- Generated by org.testng.reporters.JUnitXMLReporter -->
<testsuite hostname="Homebells-MacBook-Pro-2.local" name="Test" tests="5" failures="0" timestamp="31 Jul 2019 11:41:22 GMT" time="0.013" errors="0">
  <testcase name="@BeforeSuite initbrowser" time="0.0" classname="caroobi.CaroobiHomePage">
    <failure type="org.testng.TestNGException" message="
Parameter &amp;apos;browser&amp;apos; is required by @Configuration on method initbrowser but has not been marked @Optional or defined
in /Users/bhupendra/Desktop/automation/crispy-pancake/testng.xml">
      <![CDATA[org.testng.TestNGException: 
Parameter 'browser' is required by @Configuration on method initbrowser but has not been marked @Optional or defined
in /Users/bhupendra/Desktop/automation/crispy-pancake/testng.xml
... Removed 15 stack frames]]>
    </failure>
  </testcase> <!-- @BeforeSuite initbrowser -->
  <testcase name="OpenHomePage_test02" time="0.002" classname="caroobi.CaroobiHomePage">
    <skipped/>
  </testcase> <!-- OpenHomePage_test02 -->
  <testcase name="Accept_Cookies_dialog" time="0.0" classname="caroobi.CaroobiHomePage">
    <skipped/>
  </testcase> <!-- Accept_Cookies_dialog -->
  <testcase name="Check_haeder_on_homepage" time="0.0" classname="caroobi.CaroobiHomePage">
    <skipped/>
  </testcase> <!-- Check_haeder_on_homepage -->
  <testcase name="Check_Funnel_on_homepage" time="0.0" classname="caroobi.CaroobiHomePage">
    <skipped/>
  </testcase> <!-- Check_Funnel_on_homepage -->
  <testcase name="Check_Banner_Image_on_homepage" time="0.0" classname="caroobi.CaroobiHomePage">
    <skipped/>
  </testcase> <!-- Check_Banner_Image_on_homepage -->
</testsuite> <!-- Test -->
