<?xml version="1.0" encoding="UTF-8"?>
<!-- Generated by org.testng.reporters.JUnitXMLReporter -->
<testsuite hostname="Homebells-MacBook-Pro-2.local" name="Test Class 2" tests="5" failures="3" timestamp="20 Sep 2019 09:58:40 GMT" time="179.135" errors="0">
  <testcase name="login_to_starfleet_application" time="112.016" classname="caroobi.LeadQueue"/>
  <testcase name="apply_filters_in_lead_queue" time="32.051" classname="caroobi.LeadQueue">
    <failure type="org.openqa.selenium.NoSuchElementException" message="no such element: Unable to locate element: {&amp;quot;method&amp;quot;:&amp;quot;xpath&amp;quot;,&amp;quot;selector&amp;quot;:&amp;quot;//*[@id=&amp;apos;lead_age_hours_chosen&amp;apos;]&amp;quot;}
  (Session info: chrome=76.0.3809.132)
  (Driver info: chromedriver=2.38.552518 (183d19265345f54ce39cbb94cf81ba5f15905011),platform=Mac OS X 10.12.6 x86_64) (WARNING: The server did not provide any stacktrace information)
Command duration or timeout: 0 milliseconds
For documentation on this error, please visit: https://www.seleniumhq.org/exceptions/no_such_element.html
Build info: version: &amp;apos;3.141.59&amp;apos;, revision: &amp;apos;e82be7d358&amp;apos;, time: &amp;apos;2018-11-14T08:17:03&amp;apos;
System info: host: &amp;apos;Homebells-MacBook-Pro-2.local&amp;apos;, ip: &amp;apos;fe80:0:0:0:9b:91e7:c4a0:d876%en0&amp;apos;, os.name: &amp;apos;Mac OS X&amp;apos;, os.arch: &amp;apos;x86_64&amp;apos;, os.version: &amp;apos;10.12.6&amp;apos;, java.version: &amp;apos;1.8.0_144&amp;apos;
Driver info: org.openqa.selenium.chrome.ChromeDriver
Capabilities {acceptInsecureCerts: false, acceptSslCerts: false, applicationCacheEnabled: false, browserConnectionEnabled: false, browserName: chrome, chrome: {chromedriverVersion: 2.38.552518 (183d19265345f5..., userDataDir: /var/folders/jq/rrf_qymx39s...}, cssSelectorsEnabled: true, databaseEnabled: false, handlesAlerts: true, hasTouchScreen: false, javascriptEnabled: true, locationContextEnabled: true, mobileEmulationEnabled: false, nativeEvents: true, networkConnectionEnabled: false, pageLoadStrategy: normal, platform: MAC, platformName: MAC, rotatable: false, setWindowRect: true, takesHeapSnapshot: true, takesScreenshot: true, unexpectedAlertBehaviour: , unhandledPromptBehavior: , version: 76.0.3809.132, webStorageEnabled: true}
Session ID: 7c67f47f70b68d4e98c55732537d02ec
*** Element info: {Using=xpath, value=//*[@id=&amp;apos;lead_age_hours_chosen&amp;apos;]}">
      <![CDATA[org.openqa.selenium.NoSuchElementException: no such element: Unable to locate element: {"method":"xpath","selector":"//*[@id='lead_age_hours_chosen']"}
  (Session info: chrome=76.0.3809.132)
  (Driver info: chromedriver=2.38.552518 (183d19265345f54ce39cbb94cf81ba5f15905011),platform=Mac OS X 10.12.6 x86_64) (WARNING: The server did not provide any stacktrace information)
Command duration or timeout: 0 milliseconds
For documentation on this error, please visit: https://www.seleniumhq.org/exceptions/no_such_element.html
Build info: version: '3.141.59', revision: 'e82be7d358', time: '2018-11-14T08:17:03'
System info: host: 'Homebells-MacBook-Pro-2.local', ip: 'fe80:0:0:0:9b:91e7:c4a0:d876%en0', os.name: 'Mac OS X', os.arch: 'x86_64', os.version: '10.12.6', java.version: '1.8.0_144'
Driver info: org.openqa.selenium.chrome.ChromeDriver
Capabilities {acceptInsecureCerts: false, acceptSslCerts: false, applicationCacheEnabled: false, browserConnectionEnabled: false, browserName: chrome, chrome: {chromedriverVersion: 2.38.552518 (183d19265345f5..., userDataDir: /var/folders/jq/rrf_qymx39s...}, cssSelectorsEnabled: true, databaseEnabled: false, handlesAlerts: true, hasTouchScreen: false, javascriptEnabled: true, locationContextEnabled: true, mobileEmulationEnabled: false, nativeEvents: true, networkConnectionEnabled: false, pageLoadStrategy: normal, platform: MAC, platformName: MAC, rotatable: false, setWindowRect: true, takesHeapSnapshot: true, takesScreenshot: true, unexpectedAlertBehaviour: , unhandledPromptBehavior: , version: 76.0.3809.132, webStorageEnabled: true}
Session ID: 7c67f47f70b68d4e98c55732537d02ec
*** Element info: {Using=xpath, value=//*[@id='lead_age_hours_chosen']}
	at org.openqa.selenium.remote.ErrorHandler.createThrowable(ErrorHandler.java:214)
	at org.openqa.selenium.remote.ErrorHandler.throwIfResponseFailed(ErrorHandler.java:166)
	at org.openqa.selenium.remote.http.JsonHttpResponseCodec.reconstructValue(JsonHttpResponseCodec.java:40)
	at org.openqa.selenium.remote.http.AbstractHttpResponseCodec.decode(AbstractHttpResponseCodec.java:80)
	at org.openqa.selenium.remote.http.AbstractHttpResponseCodec.decode(AbstractHttpResponseCodec.java:44)
	at org.openqa.selenium.remote.HttpCommandExecutor.execute(HttpCommandExecutor.java:158)
	at org.openqa.selenium.remote.service.DriverCommandExecutor.execute(DriverCommandExecutor.java:83)
	at org.openqa.selenium.remote.RemoteWebDriver.execute(RemoteWebDriver.java:552)
	at org.openqa.selenium.remote.RemoteWebDriver.findElement(RemoteWebDriver.java:323)
	at org.openqa.selenium.remote.RemoteWebDriver.findElementByXPath(RemoteWebDriver.java:428)
	at org.openqa.selenium.By$ByXPath.findElement(By.java:353)
	at org.openqa.selenium.remote.RemoteWebDriver.findElement(RemoteWebDriver.java:315)
	at common.TestBase.scrolltoElement(TestBase.java:521)
	at caroobi.LeadQueue.apply_filters_in_lead_queue(LeadQueue.java:51)
... Removed 28 stack frames]]>
    </failure>
  </testcase> <!-- apply_filters_in_lead_queue -->
  <testcase name="get_lead_to_verify_in_Lead_queue" time="0.0" classname="caroobi.LeadQueue"/>
  <testcase name="check_lead_on_lead_queue" time="5.02" classname="caroobi.LeadQueue">
    <failure type="junit.framework.AssertionFailedError" message="Lead is not synced, Testcase is failed.">
      <![CDATA[junit.framework.AssertionFailedError: Lead is not synced, Testcase is failed.
	at junit.framework.Assert.fail(Assert.java:57)
	at caroobi.LeadQueue.check_lead_on_lead_queue(LeadQueue.java:155)
... Removed 24 stack frames]]>
    </failure>
  </testcase> <!-- check_lead_on_lead_queue -->
  <testcase name="check_lead_score_in_lead_queue" time="30.041" classname="caroobi.LeadQueue">
    <failure type="junit.framework.AssertionFailedError" message="Lead is not synced So can&amp;apos;t check lead score.">
      <![CDATA[junit.framework.AssertionFailedError: Lead is not synced So can't check lead score.
	at junit.framework.Assert.fail(Assert.java:57)
	at caroobi.LeadQueue.check_lead_score_in_lead_queue(LeadQueue.java:179)
... Removed 24 stack frames]]>
    </failure>
  </testcase> <!-- check_lead_score_in_lead_queue -->
</testsuite> <!-- Test Class 2 -->
