<?xml version="1.0" encoding="UTF-8"?>
<!-- Generated by org.testng.reporters.JUnitXMLReporter -->
<testsuite hostname="Homebells-MacBook-Pro-2.local" name="Test Class 3" tests="4" failures="2" timestamp="13 Sep 2019 09:43:49 GMT" time="118.189" errors="0">
  <testcase name="login_to_starfleet_application" time="58.106" classname="caroobi.leadQueue"/>
  <testcase name="VerifyLeadQueue" time="0.001" classname="caroobi.leadQueue"/>
  <testcase name="check_lead_on_lead_queue" time="30.042" classname="caroobi.leadQueue">
    <failure type="junit.framework.AssertionFailedError" message="Lead is not synced and not showing in Lead queue table">
      <![CDATA[junit.framework.AssertionFailedError: Lead is not synced and not showing in Lead queue table
	at junit.framework.Assert.fail(Assert.java:57)
	at caroobi.leadQueue.check_lead_on_lead_queue(leadQueue.java:91)
... Removed 24 stack frames]]>
    </failure>
  </testcase> <!-- check_lead_on_lead_queue -->
  <testcase name="check_lead_score_in_lead_queue" time="30.038" classname="caroobi.leadQueue">
    <failure type="org.openqa.selenium.TimeoutException" message="Expected condition failed: waiting for visibility of element located by By.xpath: //tr[@data-sf-lead-id=&amp;apos;00Q1l000003e9tqEAA&amp;apos;]//td[@id=&amp;apos;lead-score&amp;apos;] (tried for 20 second(s) with 500 milliseconds interval)">
      <![CDATA[org.openqa.selenium.TimeoutException: Expected condition failed: waiting for visibility of element located by By.xpath: //tr[@data-sf-lead-id='00Q1l000003e9tqEAA']//td[@id='lead-score'] (tried for 20 second(s) with 500 milliseconds interval)
	at org.openqa.selenium.support.ui.WebDriverWait.timeoutException(WebDriverWait.java:95)
	at org.openqa.selenium.support.ui.FluentWait.until(FluentWait.java:272)
	at common.TestBase.getText(TestBase.java:337)
	at caroobi.leadQueue.check_lead_score_in_lead_queue(leadQueue.java:104)
Caused by: org.openqa.selenium.NoSuchElementException: no such element: Unable to locate element: {"method":"xpath","selector":"//tr[@data-sf-lead-id='00Q1l000003e9tqEAA']//td[@id='lead-score']"}
  (Session info: chrome=76.0.3809.132)
  (Driver info: chromedriver=2.38.552518 (183d19265345f54ce39cbb94cf81ba5f15905011),platform=Mac OS X 10.12.6 x86_64) (WARNING: The server did not provide any stacktrace information)
Command duration or timeout: 0 milliseconds
For documentation on this error, please visit: https://www.seleniumhq.org/exceptions/no_such_element.html
Build info: version: '3.141.59', revision: 'e82be7d358', time: '2018-11-14T08:17:03'
System info: host: 'Homebells-MacBook-Pro-2.local', ip: 'fe80:0:0:0:ab:bf46:6f97:5e3c%en0', os.name: 'Mac OS X', os.arch: 'x86_64', os.version: '10.12.6', java.version: '1.8.0_144'
Driver info: org.openqa.selenium.chrome.ChromeDriver
Capabilities {acceptInsecureCerts: false, acceptSslCerts: false, applicationCacheEnabled: false, browserConnectionEnabled: false, browserName: chrome, chrome: {chromedriverVersion: 2.38.552518 (183d19265345f5..., userDataDir: /var/folders/jq/rrf_qymx39s...}, cssSelectorsEnabled: true, databaseEnabled: false, handlesAlerts: true, hasTouchScreen: false, javascriptEnabled: true, locationContextEnabled: true, mobileEmulationEnabled: false, nativeEvents: true, networkConnectionEnabled: false, pageLoadStrategy: normal, platform: MAC, platformName: MAC, rotatable: false, setWindowRect: true, takesHeapSnapshot: true, takesScreenshot: true, unexpectedAlertBehaviour: , unhandledPromptBehavior: , version: 76.0.3809.132, webStorageEnabled: true}
Session ID: 34ad42a1e1b127b85021f24202745d3f
*** Element info: {Using=xpath, value=//tr[@data-sf-lead-id='00Q1l000003e9tqEAA']//td[@id='lead-score']}
	at org.openqa.selenium.remote.ErrorHandler.createThrowable(ErrorHandler.java:214)
	at org.openqa.selenium.remote.ErrorHandler.throwIfResponseFailed(ErrorHandler.java:166)
	at org.openqa.selenium.remote.http.JsonHttpResponseCodec.reconstructValue(JsonHttpResponseCodec.java:40)
	at org.openqa.selenium.remote.http.AbstractHttpResponseCodec.decode(AbstractHttpResponseCodec.java:80)
	at org.openqa.selenium.remote.http.AbstractHttpResponseCodec.decode(AbstractHttpResponseCodec.java:44)
	at org.openqa.selenium.remote.HttpCommandExecutor.execute(HttpCommandExecutor.java:158)
	at org.openqa.selenium.remote.service.DriverCommandExecutor.execute(DriverCommandExecutor.java:83)
	at org.openqa.selenium.remote.RemoteWebDriver.execute(RemoteWebDriver.java:552)
	at org.openqa.selenium.remote.RemoteWebDriver.findElement(RemoteWebDriver.java:323)
	at org.openqa.selenium.remote.RemoteWebDriver.findElementByXPath(RemoteWebDriver.java:428)
	at org.openqa.selenium.By$ByXPath.findElement(By.java:353)
	at org.openqa.selenium.remote.RemoteWebDriver.findElement(RemoteWebDriver.java:315)
	at org.openqa.selenium.support.ui.ExpectedConditions$7.apply(ExpectedConditions.java:205)
	at org.openqa.selenium.support.ui.ExpectedConditions$7.apply(ExpectedConditions.java:201)
	at org.openqa.selenium.support.ui.FluentWait.until(FluentWait.java:249)
	... 26 more
... Removed 28 stack frames]]>
    </failure>
  </testcase> <!-- check_lead_score_in_lead_queue -->
</testsuite> <!-- Test Class 3 -->
